<xml xmlns="http://www.w3.org/1999/xhtml" collection="false">
  <block type="procedures_defnoreturn" id="@ckWYgfC!NiB21xF/1vX" x="0" y="0">
    <mutation>
      <arg name="Tests"></arg>
    </mutation>
    <field name="NAME">Describe</field>
    <comment pinned="false" h="80" w="160">Describe this function...</comment>
    <statement name="STACK">
      <block type="variables_set" id="0~JHR}r+_97LE^Wmo`MB">
        <field name="VAR">Successful</field>
        <value name="VALUE">
          <block type="math_number" id="cDNQIV|`H}Nub/HaoYX0">
            <field name="NUM">0</field>
          </block>
        </value>
        <next>
          <block type="variables_set" id="/u5pJ`kW#YXNAk|ODNfl">
            <field name="VAR">Failed</field>
            <value name="VALUE">
              <block type="math_number" id="F;.~g{LwlFhx)vQvdXiJ">
                <field name="NUM">0</field>
              </block>
            </value>
            <next>
              <block type="controls_forEach" id="g!?nbRC%d7*?;xG}QN3E">
                <field name="VAR">t</field>
                <value name="LIST">
                  <block type="variables_get" id="P]lT[gcj=Z@1!wQJMXK#">
                    <field name="VAR">Tests</field>
                  </block>
                </value>
                <statement name="DO">
                  <block type="controls_if" id="v2,i(|y$kQrotn$I9W9z">
                    <mutation else="1"></mutation>
                    <value name="IF0">
                      <block type="variables_get" id=",hI!3237*/F|8E-N-fY[">
                        <field name="VAR">t</field>
                      </block>
                    </value>
                    <statement name="DO0">
                      <block type="variables_set" id="|2wmY^%DH+(7dUM3_yjY">
                        <field name="VAR">Successful</field>
                        <value name="VALUE">
                          <block type="math_arithmetic" id="+9)nq/T(v./M=n_GACxj">
                            <field name="OP">ADD</field>
                            <value name="A">
                              <shadow type="math_number" id="PG.bn!dY(}._?kt!Tl,l">
                                <field name="NUM">1</field>
                              </shadow>
                              <block type="variables_get" id="V!Le4dw;Md}zl9X(]SSP">
                                <field name="VAR">Successful</field>
                              </block>
                            </value>
                            <value name="B">
                              <shadow type="math_number" id="vKS=5^F0%5$|zcyRlc_j">
                                <field name="NUM">1</field>
                              </shadow>
                            </value>
                          </block>
                        </value>
                      </block>
                    </statement>
                    <statement name="ELSE">
                      <block type="variables_set" id="fTv*AW{3M#~7yHd]6b_[">
                        <field name="VAR">Failed</field>
                        <value name="VALUE">
                          <block type="math_arithmetic" id="Fx;[::LE+.WbL}w1#xeE">
                            <field name="OP">ADD</field>
                            <value name="A">
                              <shadow type="math_number" id="PG.bn!dY(}._?kt!Tl,l">
                                <field name="NUM">1</field>
                              </shadow>
                              <block type="variables_get" id="|)2q96uYEj$i[s7cSZ.z">
                                <field name="VAR">Failed</field>
                              </block>
                            </value>
                            <value name="B">
                              <shadow type="math_number" id="215JzO:)$O(a0OJ+Hgd9">
                                <field name="NUM">1</field>
                              </shadow>
                            </value>
                          </block>
                        </value>
                      </block>
                    </statement>
                  </block>
                </statement>
                <next>
                  <block type="text_print" id="1?y`]:0P;BJTw7}mSw+V">
                    <value name="TEXT">
                      <shadow type="text" id="_f!R.DsE5eax+hq/PbzX">
                        <field name="TEXT">abc</field>
                      </shadow>
                      <block type="text_join" id="h5x9S#S*0%}FMpgX6I2?">
                        <mutation items="4"></mutation>
                        <value name="ADD0">
                          <block type="text" id="+qH7^3`{=4$|,N9rD,mS">
                            <field name="TEXT">Successful: </field>
                          </block>
                        </value>
                        <value name="ADD1">
                          <block type="variables_get" id="hCUA~:i}9[;wiDRKOV(g">
                            <field name="VAR">Successful</field>
                          </block>
                        </value>
                        <value name="ADD2">
                          <block type="text" id="IOTc8)/x==}KF(4h0L7T">
                            <field name="TEXT"> / Failed: </field>
                          </block>
                        </value>
                        <value name="ADD3">
                          <block type="variables_get" id="|u97am;o+*wg^W.:{va5">
                            <field name="VAR">Failed</field>
                          </block>
                        </value>
                      </block>
                    </value>
                  </block>
                </next>
              </block>
            </next>
          </block>
        </next>
      </block>
    </statement>
  </block>
  <block type="procedures_defreturn" id="B57-lr`t!#b~4yS?2*Mi" x="0" y="388">
    <mutation>
      <arg name="Name"></arg>
      <arg name="Condition"></arg>
    </mutation>
    <field name="NAME">Test</field>
    <comment pinned="false" h="80" w="160">Describe this function...</comment>
    <statement name="STACK">
      <block type="controls_if" id="anH2a8(pf!.[~vpQjRQ@">
        <mutation else="1"></mutation>
        <value name="IF0">
          <block type="variables_get" id="=TTEzz6uzV8@mj;V;PJl">
            <field name="VAR">Condition</field>
          </block>
        </value>
        <statement name="DO0">
          <block type="notify" id="cu?FD62G/n)b|fWZ3`$a">
            <field name="NOTIFICATION_TYPE">success</field>
            <field name="NOTIFICATION_SOUND">silent</field>
            <value name="MESSAGE">
              <block type="text_join" id="q?;8~X3uRxMHm$gmfb^S">
                <mutation items="2"></mutation>
                <value name="ADD0">
                  <block type="text" id="y9FzpVI-VNJ#x?Rq9S`l">
                    <field name="TEXT">Test successfully passed: </field>
                  </block>
                </value>
                <value name="ADD1">
                  <block type="variables_get" id=")9o:Xwoedn/X2fWWabUH">
                    <field name="VAR">Name</field>
                  </block>
                </value>
              </block>
            </value>
            <next>
              <block type="variables_set" id="nURG@Dw*(}7ruVAlk`T/">
                <field name="VAR">result</field>
                <value name="VALUE">
                  <block type="logic_boolean" id="`%7i4]98Dh,ODA$,UZ45">
                    <field name="BOOL">TRUE</field>
                  </block>
                </value>
              </block>
            </next>
          </block>
        </statement>
        <statement name="ELSE">
          <block type="notify" id="oUw).:wb/k5$02`4-!-m">
            <field name="NOTIFICATION_TYPE">error</field>
            <field name="NOTIFICATION_SOUND">silent</field>
            <value name="MESSAGE">
              <block type="text_join" id="dsw4O(J0AO1XY|q[~Eiu">
                <mutation items="2"></mutation>
                <value name="ADD0">
                  <block type="text" id="qbD`=@Os;+eLO2(7%_lM">
                    <field name="TEXT">Test failed: </field>
                  </block>
                </value>
                <value name="ADD1">
                  <block type="variables_get" id="u?ZrBojvzQR@-2CuBA(u">
                    <field name="VAR">Name</field>
                  </block>
                </value>
              </block>
            </value>
            <next>
              <block type="variables_set" id="*@?{Y:$k[9u),RZ7jG.u">
                <field name="VAR">result</field>
                <value name="VALUE">
                  <block type="logic_boolean" id="]`JRq?9MDYKA1@X_LRuP">
                    <field name="BOOL">FALSE</field>
                  </block>
                </value>
              </block>
            </next>
          </block>
        </statement>
      </block>
    </statement>
    <value name="RETURN">
      <block type="variables_get" id="[b:G=b;PHz({,%A_#Ju,">
        <field name="VAR">result</field>
      </block>
    </value>
  </block>
  <block type="trade" id="73vWdDagX-YhN)CtN.3D" x="0" y="679">
    <field name="MARKET_LIST">volidx</field>
    <field name="SUBMARKET_LIST">random_index</field>
    <field name="SYMBOL_LIST">R_100</field>
    <field name="TRADETYPECAT_LIST">callput</field>
    <field name="TRADETYPE_LIST">risefall</field>
    <field name="TYPE_LIST">both</field>
    <field name="CANDLEINTERVAL_LIST">60</field>
    <field name="TIME_MACHINE_ENABLED">FALSE</field>
    <field name="RESTARTONERROR">TRUE</field>
    <statement name="SUBMARKET">
      <block type="tradeOptions" id="7at0-660f6~kjg^k{4g;">
        <field name="DURATIONTYPE_LIST">t</field>
        <field name="CURRENCY_LIST">USD</field>
        <value name="DURATION">
          <block type="math_number" id="0p-bjjEuB1k(LNWLaiS]">
            <field name="NUM">5</field>
          </block>
        </value>
        <value name="AMOUNT">
          <block type="math_number" id="|tIC~6lHx]cKt9rf1jFk">
            <field name="NUM">1</field>
          </block>
        </value>
      </block>
    </statement>
  </block>
  <block type="before_purchase" id="tOc)]Xd=cAm0aiy+-8(8" x="0" y="980">
    <statement name="BEFOREPURCHASE_STACK">
      <block type="controls_if" id="iz}6N%oJI?@Kry$(8Vc2">
        <value name="IF0">
          <block type="logic_negate" id="bywk08RFGNShjGvkA?~]">
            <value name="BOOL">
              <block type="variables_get" id="8sEJKB77%ru,a}T`0x~6">
                <field name="VAR">test finished</field>
              </block>
            </value>
          </block>
        </value>
        <statement name="DO0">
          <block type="variables_set" id="6qQrLSY4fa#LsJ2,Ab/w">
            <field name="VAR">test finished</field>
            <value name="VALUE">
              <block type="logic_boolean" id="{wr5_-xarGGN+af$[Cs9">
                <field name="BOOL">TRUE</field>
              </block>
            </value>
            <next>
              <block type="procedures_callnoreturn" id="_oh;KV.0IleQ]5ydyI3+">
                <mutation name="Describe">
                  <arg name="Tests"></arg>
                </mutation>
                <value name="ARG0">
                  <block type="lists_create_with" id="srQI2~CBjj%#VEvr6$x^">
                    <mutation items="3"></mutation>
                    <value name="ADD0">
                      <block type="procedures_callreturn" id="|(,d.uf_m$.a0c!Q@zV:">
                        <mutation name="Test">
                          <arg name="Name"></arg>
                          <arg name="Condition"></arg>
                        </mutation>
                        <value name="ARG0">
                          <block type="text" id="[;7]-+irTg7YhvSV~Jk/">
                            <field name="TEXT">candle value and object 15 minutes</field>
                          </block>
                        </value>
                        <value name="ARG1">
                          <block type="logic_compare" id="-Ta0[`*DT/JB9M:UVRRY">
                            <field name="OP">EQ</field>
                            <value name="A">
                              <block type="read_ohlc" id="?~/:K`bgw[I]k2#!6~8@">
                                <field name="OHLCFIELD_LIST">open</field>
                                <field name="CANDLEINTERVAL_LIST">900</field>
                                <value name="CANDLEINDEX">
                                  <shadow type="math_number" id="j-mm76+vd-vRz{I`9B,r">
                                    <field name="NUM">1</field>
                                  </shadow>
                                </value>
                              </block>
                            </value>
                            <value name="B">
                              <block type="read_ohlc_obj" id="O}m%)-1lkt`66mULW|sN">
                                <field name="OHLCFIELD_LIST">open</field>
                                <value name="OHLCOBJ">
                                  <block type="get_ohlc" id="QNl}:-L)u$J2Rf/$M}YR">
                                    <field name="CANDLEINTERVAL_LIST">900</field>
                                    <value name="CANDLEINDEX">
                                      <shadow type="math_number" id="fH9p^F9JbvO3$1O}}E.c">
                                        <field name="NUM">1</field>
                                      </shadow>
                                    </value>
                                  </block>
                                </value>
                              </block>
                            </value>
                          </block>
                        </value>
                      </block>
                    </value>
                    <value name="ADD1">
                      <block type="procedures_callreturn" id="vqG[%IU$YwR3/m#eV$JV">
                        <mutation name="Test">
                          <arg name="Name"></arg>
                          <arg name="Condition"></arg>
                        </mutation>
                        <value name="ARG0">
                          <block type="text" id="jsp01}EJ1eBY8Etxf|h:">
                            <field name="TEXT">candle value list and object list 15 minutes</field>
                          </block>
                        </value>
                        <value name="ARG1">
                          <block type="logic_compare" id="C.v[q.7J80:7,)/LQ/,9">
                            <field name="OP">EQ</field>
                            <value name="A">
                              <block type="lists_getIndex" id="4YETHbZsx5FuJfvtR`Gl">
                                <mutation statement="false" at="false"></mutation>
                                <field name="MODE">GET</field>
                                <field name="WHERE">LAST</field>
                                <value name="VALUE">
                                  <block type="ohlc_values" id="p$9STr)?xa:R[Q*2D;k]">
                                    <field name="OHLCFIELD_LIST">open</field>
                                    <field name="CANDLEINTERVAL_LIST">900</field>
                                  </block>
                                </value>
                              </block>
                            </value>
                            <value name="B">
                              <block type="read_ohlc_obj" id="dEEEc.h|s:JSjqE.nfKx">
                                <field name="OHLCFIELD_LIST">open</field>
                                <value name="OHLCOBJ">
                                  <block type="lists_getIndex" id="lX)?6j{4ws)PJ%lg6n*-">
                                    <mutation statement="false" at="false"></mutation>
                                    <field name="MODE">GET</field>
                                    <field name="WHERE">LAST</field>
                                    <value name="VALUE">
                                      <block type="ohlc" id="$Eqx6(RD9vsLx(=i/rwB">
                                        <field name="CANDLEINTERVAL_LIST">900</field>
                                      </block>
                                    </value>
                                  </block>
                                </value>
                              </block>
                            </value>
                          </block>
                        </value>
                      </block>
                    </value>
                    <value name="ADD2">
                      <block type="procedures_callreturn" id="(OA%XPf,fmKp#Z~a3P)t">
                        <mutation name="Test">
                          <arg name="Name"></arg>
                          <arg name="Condition"></arg>
                        </mutation>
                        <value name="ARG0">
                          <block type="text" id="VCJusY-E..8p(DeGV_pe">
                            <field name="TEXT">candle value and value list 15 minutes</field>
                          </block>
                        </value>
                        <value name="ARG1">
                          <block type="logic_compare" id="lbOJGo9RFisO@kD=/+*q">
                            <field name="OP">EQ</field>
                            <value name="A">
                              <block type="lists_getIndex" id="egs)2WKxEg3%]my-VB3j">
                                <mutation statement="false" at="false"></mutation>
                                <field name="MODE">GET</field>
                                <field name="WHERE">LAST</field>
                                <value name="VALUE">
                                  <block type="ohlc_values" id="j*jHvV[ifD=Pq4Rn.YGl">
                                    <field name="OHLCFIELD_LIST">open</field>
                                    <field name="CANDLEINTERVAL_LIST">900</field>
                                  </block>
                                </value>
                              </block>
                            </value>
                            <value name="B">
                              <block type="read_ohlc" id="WY.{_O7|E5s1YgyD.K;#">
                                <field name="OHLCFIELD_LIST">open</field>
                                <field name="CANDLEINTERVAL_LIST">900</field>
                                <value name="CANDLEINDEX">
                                  <shadow type="math_number" id="dC9w-A@uxeZBB8;lR7x?">
                                    <field name="NUM">1</field>
                                  </shadow>
                                </value>
                              </block>
                            </value>
                          </block>
                        </value>
                      </block>
                    </value>
                  </block>
                </value>
              </block>
            </next>
          </block>
        </statement>
      </block>
    </statement>
  </block>
</xml>